<?xml version="1.0" encoding="UTF-8"?>
<!-- Generated by org.testng.reporters.JUnitReportReporter -->
<testsuite hostname="DESKTOP-RQFBTSM" failures="0" tests="1" name="mmt.Mmt" time="0.006" errors="1" timestamp="8 Nov 2022 12:35:49 GMT">
  <testcase classname="mmt.Mmt" name="mmt" time="0.006">
    <error message="tab crashed
  (Session info: chrome=106.0.5249.119)
Build info: version: &#039;3.141.59&#039;, revision: &#039;e82be7d358&#039;, time: &#039;2018-11-14T08:17:03&#039;
System info: host: &#039;DESKTOP-RQFBTSM&#039;, ip: &#039;192.168.11.1&#039;, os.name: &#039;Windows 10&#039;, os.arch: &#039;amd64&#039;, os.version: &#039;10.0&#039;, java.version: &#039;19&#039;
Driver info: driver.version: ChromeDriver
remote stacktrace: Backtrace:
	Ordinal0 [0x00771ED3+2236115]
	Ordinal0 [0x007092F1+1807089]
	Ordinal0 [0x006165C0+812480]
	Ordinal0 [0x0060A370+762736]
	Ordinal0 [0x00609E33+761395]
	Ordinal0 [0x00609350+758608]
	Ordinal0 [0x006092C1+758465]
	Ordinal0 [0x00608113+753939]
	Ordinal0 [0x0060861D+755229]
	Ordinal0 [0x00607D25+752933]
	Ordinal0 [0x00612083+794755]
	Ordinal0 [0x00607CD5+752853]
	Ordinal0 [0x00608EE6+757478]
	Ordinal0 [0x00608113+753939]
	Ordinal0 [0x0060861D+755229]
	Ordinal0 [0x00607D25+752933]
	Ordinal0 [0x0060FBB8+785336]
	Ordinal0 [0x00607CD5+752853]
	Ordinal0 [0x00608EE6+757478]
	Ordinal0 [0x00608113+753939]
	Ordinal0 [0x0060861D+755229]
	Ordinal0 [0x00607D25+752933]
	Ordinal0 [0x0060D5C2+775618]
	Ordinal0 [0x00607CD5+752853]
	Ordinal0 [0x00608EE6+757478]
	Ordinal0 [0x00608113+753939]
	Ordinal0 [0x0060861D+755229]
	Ordinal0 [0x00607D25+752933]
	Ordinal0 [0x00602F2D+732973]
	Ordinal0 [0x00607CD5+752853]
	Ordinal0 [0x006074FD+750845]
	Ordinal0 [0x0060720F+750095]
	Ordinal0 [0x00617B93+818067]
	Ordinal0 [0x005FD2E9+709353]
	Ordinal0 [0x005FC4EB+705771]
	Ordinal0 [0x00668215+1147413]
	Ordinal0 [0x00667A6A+1145450]
	Ordinal0 [0x006618A6+1120422]
	Ordinal0 [0x0063A73D+960317]
	Ordinal0 [0x0063B71F+964383]
	GetHandleVerifier [0x00A1E7E2+2743074]
	GetHandleVerifier [0x00A108D4+2685972]
	GetHandleVerifier [0x00802BAA+532202]
	GetHandleVerifier [0x00801990+527568]
	Ordinal0 [0x0071080C+1837068]
	Ordinal0 [0x00714CD8+1854680]
	Ordinal0 [0x00714DC5+1854917]
	Ordinal0 [0x0071ED64+1895780]
	BaseThreadInitThunk [0x7632FA29+25]
	RtlGetAppContainerNamedObjectPath [0x77377BBE+286]
	RtlGetAppContainerNamedObjectPath [0x77377B8E+238]
" type="org.openqa.selenium.WebDriverException">
      <![CDATA[org.openqa.selenium.WebDriverException: tab crashed
  (Session info: chrome=106.0.5249.119)
Build info: version: '3.141.59', revision: 'e82be7d358', time: '2018-11-14T08:17:03'
System info: host: 'DESKTOP-RQFBTSM', ip: '192.168.11.1', os.name: 'Windows 10', os.arch: 'amd64', os.version: '10.0', java.version: '19'
Driver info: driver.version: ChromeDriver
remote stacktrace: Backtrace:
	Ordinal0 [0x00771ED3+2236115]
	Ordinal0 [0x007092F1+1807089]
	Ordinal0 [0x006165C0+812480]
	Ordinal0 [0x0060A370+762736]
	Ordinal0 [0x00609E33+761395]
	Ordinal0 [0x00609350+758608]
	Ordinal0 [0x006092C1+758465]
	Ordinal0 [0x00608113+753939]
	Ordinal0 [0x0060861D+755229]
	Ordinal0 [0x00607D25+752933]
	Ordinal0 [0x00612083+794755]
	Ordinal0 [0x00607CD5+752853]
	Ordinal0 [0x00608EE6+757478]
	Ordinal0 [0x00608113+753939]
	Ordinal0 [0x0060861D+755229]
	Ordinal0 [0x00607D25+752933]
	Ordinal0 [0x0060FBB8+785336]
	Ordinal0 [0x00607CD5+752853]
	Ordinal0 [0x00608EE6+757478]
	Ordinal0 [0x00608113+753939]
	Ordinal0 [0x0060861D+755229]
	Ordinal0 [0x00607D25+752933]
	Ordinal0 [0x0060D5C2+775618]
	Ordinal0 [0x00607CD5+752853]
	Ordinal0 [0x00608EE6+757478]
	Ordinal0 [0x00608113+753939]
	Ordinal0 [0x0060861D+755229]
	Ordinal0 [0x00607D25+752933]
	Ordinal0 [0x00602F2D+732973]
	Ordinal0 [0x00607CD5+752853]
	Ordinal0 [0x006074FD+750845]
	Ordinal0 [0x0060720F+750095]
	Ordinal0 [0x00617B93+818067]
	Ordinal0 [0x005FD2E9+709353]
	Ordinal0 [0x005FC4EB+705771]
	Ordinal0 [0x00668215+1147413]
	Ordinal0 [0x00667A6A+1145450]
	Ordinal0 [0x006618A6+1120422]
	Ordinal0 [0x0063A73D+960317]
	Ordinal0 [0x0063B71F+964383]
	GetHandleVerifier [0x00A1E7E2+2743074]
	GetHandleVerifier [0x00A108D4+2685972]
	GetHandleVerifier [0x00802BAA+532202]
	GetHandleVerifier [0x00801990+527568]
	Ordinal0 [0x0071080C+1837068]
	Ordinal0 [0x00714CD8+1854680]
	Ordinal0 [0x00714DC5+1854917]
	Ordinal0 [0x0071ED64+1895780]
	BaseThreadInitThunk [0x7632FA29+25]
	RtlGetAppContainerNamedObjectPath [0x77377BBE+286]
	RtlGetAppContainerNamedObjectPath [0x77377B8E+238]

	at java.base/jdk.internal.reflect.DirectConstructorHandleAccessor.newInstance(DirectConstructorHandleAccessor.java:67)
	at java.base/java.lang.reflect.Constructor.newInstanceWithCaller(Constructor.java:500)
	at java.base/java.lang.reflect.Constructor.newInstance(Constructor.java:484)
	at org.openqa.selenium.remote.W3CHandshakeResponse.lambda$errorHandler$0(W3CHandshakeResponse.java:62)
	at org.openqa.selenium.remote.HandshakeResponse.lambda$getResponseFunction$0(HandshakeResponse.java:30)
	at org.openqa.selenium.remote.ProtocolHandshake.lambda$createSession$0(ProtocolHandshake.java:126)
	at java.base/java.util.stream.ReferencePipeline$3$1.accept(ReferencePipeline.java:197)
	at java.base/java.util.Spliterators$ArraySpliterator.tryAdvance(Spliterators.java:1016)
	at java.base/java.util.stream.ReferencePipeline.forEachWithCancel(ReferencePipeline.java:129)
	at java.base/java.util.stream.AbstractPipeline.copyIntoWithCancel(AbstractPipeline.java:527)
	at java.base/java.util.stream.AbstractPipeline.copyInto(AbstractPipeline.java:513)
	at java.base/java.util.stream.AbstractPipeline.wrapAndCopyInto(AbstractPipeline.java:499)
	at java.base/java.util.stream.FindOps$FindOp.evaluateSequential(FindOps.java:150)
	at java.base/java.util.stream.AbstractPipeline.evaluate(AbstractPipeline.java:234)
	at java.base/java.util.stream.ReferencePipeline.findFirst(ReferencePipeline.java:647)
	at org.openqa.selenium.remote.ProtocolHandshake.createSession(ProtocolHandshake.java:128)
	at org.openqa.selenium.remote.ProtocolHandshake.createSession(ProtocolHandshake.java:74)
	at org.openqa.selenium.remote.HttpCommandExecutor.execute(HttpCommandExecutor.java:136)
	at org.openqa.selenium.remote.service.DriverCommandExecutor.execute(DriverCommandExecutor.java:83)
	at org.openqa.selenium.remote.RemoteWebDriver.execute(RemoteWebDriver.java:552)
	at org.openqa.selenium.remote.RemoteWebDriver.startSession(RemoteWebDriver.java:213)
	at org.openqa.selenium.remote.RemoteWebDriver.<init>(RemoteWebDriver.java:131)
	at org.openqa.selenium.chrome.ChromeDriver.<init>(ChromeDriver.java:181)
	at org.openqa.selenium.chrome.ChromeDriver.<init>(ChromeDriver.java:168)
	at org.openqa.selenium.chrome.ChromeDriver.<init>(ChromeDriver.java:123)
	at mmt.Mmt.BT(Mmt.java:22)
	at java.base/jdk.internal.reflect.DirectMethodHandleAccessor.invoke(DirectMethodHandleAccessor.java:104)
	at java.base/java.lang.reflect.Method.invoke(Method.java:578)
	at org.testng.internal.MethodInvocationHelper.invokeMethod(MethodInvocationHelper.java:86)
	at org.testng.internal.Invoker.invokeConfigurationMethod(Invoker.java:514)
	at org.testng.internal.Invoker.invokeConfigurations(Invoker.java:215)
	at org.testng.internal.Invoker.invokeConfigurations(Invoker.java:142)
	at org.testng.TestRunner.beforeRun(TestRunner.java:656)
	at org.testng.TestRunner.run(TestRunner.java:624)
	at org.testng.SuiteRunner.runTest(SuiteRunner.java:366)
	at org.testng.SuiteRunner.runSequentially(SuiteRunner.java:361)
	at org.testng.SuiteRunner.privateRun(SuiteRunner.java:319)
	at org.testng.SuiteRunner.run(SuiteRunner.java:268)
	at org.testng.SuiteRunnerWorker.runSuite(SuiteRunnerWorker.java:52)
	at org.testng.SuiteRunnerWorker.run(SuiteRunnerWorker.java:86)
	at org.testng.TestNG.runSuitesSequentially(TestNG.java:1244)
	at org.testng.TestNG.runSuitesLocally(TestNG.java:1169)
	at org.testng.TestNG.run(TestNG.java:1064)
	at org.testng.remote.AbstractRemoteTestNG.run(AbstractRemoteTestNG.java:115)
	at org.testng.remote.RemoteTestNG.initAndRun(RemoteTestNG.java:251)
	at org.testng.remote.RemoteTestNG.main(RemoteTestNG.java:77)
]]>
    </error>
  </testcase> <!-- mmt -->
</testsuite> <!-- mmt.Mmt -->
